Время начала, Время окончания, Продолжительность (сек.), CPU (%), Memory (%), Disk (%), GPU (%), GPU Memory (%), Температура (C), Дополнительная информация
2024-08-02 02:32:56, 2024-08-02 02:32:56, 0.00, 75.4, 33.7, 12.3, N/A, N/A, 82.0, Мониторинг системы
2024-08-02 02:33:57, 2024-08-02 02:33:57, 0.00, 70.7, 31.4, 12.3, N/A, N/A, 83.0, Мониторинг системы
2024-08-02 02:34:58, 2024-08-02 02:34:58, 0.00, 69.0, 29.9, 12.3, N/A, N/A, 80.0, Мониторинг системы
2024-08-02 02:35:59, 2024-08-02 02:35:59, 0.00, 66.8, 30.5, 12.3, N/A, N/A, 78.0, Мониторинг системы
2024-08-02 02:37:00, 2024-08-02 02:37:00, 0.00, 68.2, 30.8, 12.3, N/A, N/A, 83.0, Мониторинг системы
2024-08-02 02:38:01, 2024-08-02 02:38:01, 0.00, 62.4, 30.1, 12.3, N/A, N/A, 70.0, Мониторинг системы
2024-08-02 02:39:03, 2024-08-02 02:39:03, 0.00, 10.7, 29.2, 12.3, N/A, N/A, 63.0, Мониторинг системы
2024-08-02 02:40:04, 2024-08-02 02:40:04, 0.00, 72.1, 29.9, 12.3, N/A, N/A, 78.0, Мониторинг системы
2024-08-02 02:41:46, 2024-08-02 02:41:47, 1.13, 70.5, 29.7, 12.3, N/A, N/A, 85.0, Мониторинг системы
2024-08-02 02:42:17, 2024-08-02 02:42:18, 1.22, 73.7, 29.6, 12.3, N/A, N/A, 81.0, Мониторинг системы
2024-08-02 02:42:48, 2024-08-02 02:42:49, 1.13, 72.4, 29.9, 12.3, N/A, N/A, 80.0, Мониторинг системы
2024-08-02 02:43:19, 2024-08-02 02:43:20, 1.14, 72.0, 29.4, 12.3, N/A, N/A, 80.0, Мониторинг системы
2024-08-02 02:43:42, 2024-08-02 02:43:44, 1.17, 76.8, 29.5, 12.3, N/A, N/A, 79.0, Мониторинг системы
2024-08-02 02:44:14, 2024-08-02 02:44:15, 1.13, 18.5, 29.9, 12.3, N/A, N/A, 69.0, Мониторинг системы
2024-08-02 02:44:45, 2024-08-02 02:44:46, 1.19, 71.7, 29.9, 12.3, N/A, N/A, 77.0, Мониторинг системы
2024-08-02 02:45:16, 2024-08-02 02:45:17, 1.20, 72.5, 30.1, 12.3, N/A, N/A, 78.0, Мониторинг системы
2024-08-02 02:45:47, 2024-08-02 02:45:48, 1.16, 67.5, 30.6, 12.3, N/A, N/A, 82.0, Мониторинг системы
2024-08-02 02:45:58, 2024-08-02 02:45:59, 1.04, 81.4, 31.1, 12.3, N/A, N/A, 80.0, Мониторинг системы
2024-08-02 02:46:18, 2024-08-02 02:46:19, 1.14, 67.2, 31.0, 12.3, N/A, N/A, 80.0, Мониторинг системы
2024-08-02 02:46:29, 2024-08-02 02:46:30, 1.18, 70.4, 31.1, 12.3, N/A, N/A, 80.0, Мониторинг системы
2024-08-02 02:46:35  2024-08-02 02:46:36  1.13  70.5  31.1  12.3  N/A  N/A  82  Warning: CPU usage is very high: 70.5% | Warning: Temperature is very high: 82.0C
2024-08-02 02:47:00, 2024-08-02 02:47:02, 1.12, 70.4, 31.2, 12.3, N/A, N/A, 79.0, Мониторинг системы
2024-08-02 02:47:32, 2024-08-02 02:47:33, 1.14, 67.7, 29.9, 12.3, N/A, N/A, 90.0, Мониторинг системы
2024-08-02 02:47:55  2024-08-02 02:47:56  1.23  100  34.9  12.3  N/A  N/A  89  Warning: CPU usage is very high: 100.0% | Warning: Temperature is very high: 89.0C
2024-08-02 02:48:03, 2024-08-02 02:48:04, 1.17, 77.4, 33.3, 12.3, N/A, N/A, 86.0, Мониторинг системы
2024-08-02 02:48:26  2024-08-02 02:48:28  1.16  74.4  32.4  12.3  N/A  N/A  80  Warning: CPU usage is very high: 74.4% | Warning: Temperature is very high: 80.0C
2024-08-02 02:48:34, 2024-08-02 02:48:35, 1.17, 71.4, 32.7, 12.3, N/A, N/A, 83.0, Мониторинг системы
2024-08-02 02:48:58  2024-08-02 02:48:59  1.13  20  32.4  12.3  N/A  N/A  71  Warning: Temperature is very high: 71.0C
2024-08-02 02:49:05, 2024-08-02 02:49:06, 1.14, 17.3, 32.3, 12.3, N/A, N/A, 71.0, Мониторинг системы
2024-08-02 02:49:29  2024-08-02 02:49:30  1.13  66.3  32.2  12.3  N/A  N/A  74  Warning: Temperature is very high: 74.0C
2024-08-02 02:49:36, 2024-08-02 02:49:37, 1.19, 68.8, 32.4, 12.3, N/A, N/A, 76.0, Мониторинг системы
2024-08-02 02:50:00  2024-08-02 02:50:01  1.04  74.2  31.4  12.3  N/A  N/A  77  Warning: CPU usage is very high: 74.2% | Warning: Temperature is very high: 77.0C
2024-08-02 02:50:07, 2024-08-02 02:50:09, 1.13, 20.0, 31.3, 12.3, N/A, N/A, 69.0, Мониторинг системы
2024-08-02 02:50:31  2024-08-02 02:50:32  1.13  64.7  31.6  12.3  N/A  N/A  78  Warning: Temperature is very high: 78.0C
2024-08-02 02:50:39, 2024-08-02 02:50:40, 1.14, 65.0, 31.8, 12.3, N/A, N/A, 75.0, Мониторинг системы
2024-08-02 02:51:10, 2024-08-02 02:51:11, 1.18, 100.0, 31.5, 12.3, N/A, N/A, 86.0, Мониторинг системы
2024-08-02 02:51:34  2024-08-02 02:51:35  1.17                      75.1       31.6       12.3       N/A        N/A             85.0            Warning: CPU usage is very high: 75.1% | Warning: Temperature is very high: 85.0C
2024-08-02 02:51:41, 2024-08-02 02:51:42, 1.26, 77.6, 31.7, 12.3, N/A, N/A, 81.0, Мониторинг системы
2024-08-02 02:52:05  2024-08-02 02:52:07  1.17                      68.2       31.7       12.3       N/A        N/A             78.0            Warning: Temperature is very high: 78.0C
2024-08-02 02:52:12, 2024-08-02 02:52:13, 1.16, 81.4, 31.9, 12.3, N/A, N/A, 78.0, Мониторинг системы
2024-08-02 02:52:37  2024-08-02 02:52:38  1.12                      18.1       30.7       12.3       N/A        N/A             70.0            Мониторинг системы            
2024-08-02 02:52:43, 2024-08-02 02:52:44, 1.12, 33.5, 30.7, 12.3, N/A, N/A, 69.0, Мониторинг системы
2024-08-02 02:52:53                      2024-08-02 02:52:54                      1.12                                          69.8                      30.6                 12.3                 N/A                  N/A                       75.0                      Warning: Temperature is very high: 75.0C
2024-08-02 02:53:14, 2024-08-02 02:53:16, 1.18, 71.6, 31.1, 12.3, N/A, N/A, 78.0, Мониторинг системы
2024-08-02 02:53:24                      2024-08-02 02:53:25                      1.22                                          73.0                      31.1                 12.3                 N/A                  N/A                       79.0                      Warning: CPU usage is very high: 73.0% | Warning: Temperature is very high: 79.0C
2024-08-02 02:53:46, 2024-08-02 02:53:47, 1.19, 74.4, 31.6, 12.3, N/A, N/A, 80.0, Мониторинг системы
2024-08-02 02:53:55                      2024-08-02 02:53:56                      1.14                                          35.5                      31.9                 12.3                 N/A                  N/A                       75.0                      Warning: Temperature is very high: 75.0C
2024-08-02 02:54:17, 2024-08-02 02:54:18, 1.20, 73.2, 31.7, 12.3, N/A, N/A, 80.0, Мониторинг системы
2024-08-02 02:54:26                      2024-08-02 02:54:28                      1.17                                          72.0                      31.6                 12.3                 N/A                  N/A                       80.0                      Warning: CPU usage is very high: 72.0% | Warning: Temperature is very high: 80.0C
2024-08-02 02:54:42  2024-08-02 02:54:44  1.16                      77.0       31.6       12.3       N/A        N/A             82.0            Warning: CPU usage is very high: 77.0% | Warning: Temperature is very high: 82.0C
2024-08-02 02:54:48, 2024-08-02 02:54:49, 1.14, 72.0, 31.8, 12.3, N/A, N/A, 81.0, Мониторинг системы
2024-08-02 02:55:14  2024-08-02 02:55:15  1.13                      73.3       32.2       12.3       N/A        N/A             83.0            Warning: CPU usage is very high: 73.3% | Warning: Temperature is very high: 83.0C
2024-08-02 02:55:19, 2024-08-02 02:55:20, 1.14, 21.6, 32.2, 12.3, N/A, N/A, 75.0, Мониторинг системы
2024-08-02 02:55:45  2024-08-02 02:55:46  1.15                      66.3       32.5       12.3       N/A        N/A             84.0            Warning: Temperature is very high: 84.0C
2024-08-02 02:55:50, 2024-08-02 02:55:51, 1.15, 64.8, 32.2, 12.3, N/A, N/A, 81.0, Мониторинг системы
2024-08-02 02:56:16  2024-08-02 02:56:17  1.14                      67.5       32.2       12.3       N/A        N/A             78.0            Warning: Temperature is very high: 78.0C
2024-08-02 02:56:21, 2024-08-02 02:56:23, 1.17, 67.2, 32.4, 12.3, N/A, N/A, 79.0, Мониторинг системы
2024-08-02 02:56:30  2024-08-02 02:56:31  1.17                      73.5       32.3       12.3       N/A        N/A             83.0            Warning: CPU usage is very high: 73.5% | Warning: Temperature is very high: 83.0C
2024-08-02 02:56:53, 2024-08-02 02:56:54, 1.13, 70.9, 32.4, 12.3, N/A, N/A, 82.0, Мониторинг системы
2024-08-02 02:57:01  2024-08-02 02:57:02  1.11                      68.8       32.4       12.3       N/A        N/A             84.0            Warning: Temperature is very high: 84.0C
2024-08-02 02:57:24, 2024-08-02 02:57:25, 1.21, 75.5, 31.8, 12.3, N/A, N/A, 81.0, Мониторинг системы
2024-08-02 02:57:32  2024-08-02 02:57:34  1.13                      84.0       32.0       12.3       N/A        N/A             84.0            Warning: CPU usage is very high: 84.0% | Warning: Temperature is very high: 84.0C
2024-08-02 02:57:55, 2024-08-02 02:57:56, 1.14, 26.4, 31.9, 12.3, N/A, N/A, 76.0, Мониторинг системы
2024-08-02 02:58:04  2024-08-02 02:58:05  1.13                      24.9       31.9       12.3       N/A        N/A             73.0            Warning: Temperature is very high: 73.0C
2024-08-02 02:58:26, 2024-08-02 02:58:27, 1.16, 82.2, 32.4, 12.3, N/A, N/A, 82.0, Мониторинг системы
2024-08-02 02:58:35  2024-08-02 02:58:36  1.15                      81.8       32.2       12.3       N/A        N/A             82.0            Warning: CPU usage is very high: 81.8% | Warning: Temperature is very high: 82.0C
2024-08-02 02:58:57, 2024-08-02 02:58:58, 1.16, 78.8, 32.3, 12.3, N/A, N/A, 83.0, Мониторинг системы
2024-08-02 02:59:06  2024-08-02 02:59:07  1.18                      77.8       32.3       12.3       N/A        N/A             82.0            Warning: CPU usage is very high: 77.8% | Warning: Temperature is very high: 82.0C
2024-08-02 02:59:28, 2024-08-02 02:59:30, 1.20, 80.4, 32.6, 12.3, N/A, N/A, 82.0, Мониторинг системы
2024-08-02 02:59:37  2024-08-02 02:59:38  1.16                      76.7       32.8       12.3       N/A        N/A             83.0            Warning: CPU usage is very high: 76.7% | Warning: Temperature is very high: 83.0C
2024-08-02 03:00:00, 2024-08-02 03:00:01, 1.15, 61.9, 31.5, 12.3, N/A, N/A, 75.0, Мониторинг системы
2024-08-02 03:00:08  2024-08-02 03:00:09  1.16                      74.6       31.8       12.3       N/A        N/A             79.0            Warning: CPU usage is very high: 74.6% | Warning: Temperature is very high: 79.0C
2024-08-02 03:00:31, 2024-08-02 03:00:32, 1.17, 76.4, 32.3, 12.3, N/A, N/A, 81.0, Мониторинг системы
2024-08-02 03:00:39  2024-08-02 03:00:41  1.18                      77.7       32.4       12.3       N/A        N/A             81.0            Warning: CPU usage is very high: 77.7% | Warning: Temperature is very high: 81.0C
2024-08-02 03:01:02, 2024-08-02 03:01:03, 1.05, 75.3, 32.9, 12.3, N/A, N/A, 82.0, Мониторинг системы
2024-08-02 03:01:11  2024-08-02 03:01:12  1.14                      73.2       32.9       12.3       N/A        N/A             84.0            Warning: CPU usage is very high: 73.2% | Warning: Temperature is very high: 84.0C
2024-08-02 03:01:33, 2024-08-02 03:01:34, 1.23, 70.4, 33.1, 12.3, N/A, N/A, 78.0, Мониторинг системы
2024-08-02 03:01:42  2024-08-02 03:01:43  1.13                      73.1       33.1       12.3       N/A        N/A             84.0            Warning: CPU usage is very high: 73.1% | Warning: Temperature is very high: 84.0C
2024-08-02 03:02:04, 2024-08-02 03:02:05, 1.17, 76.5, 33.1, 12.3, N/A, N/A, 83.0, Мониторинг системы
2024-08-02 03:02:13  2024-08-02 03:02:14  1.16                      73.4       33.2       12.3       N/A        N/A             85.0            Warning: CPU usage is very high: 73.4% | Warning: Temperature is very high: 85.0C
2024-08-02 03:02:35, 2024-08-02 03:02:37, 1.19, 68.3, 32.5, 12.3, N/A, N/A, 84.0, Мониторинг системы
2024-08-02 03:02:44  2024-08-02 03:02:45  1.19                      72.3       32.1       12.3       N/A        N/A             81.0            Warning: CPU usage is very high: 72.3% | Warning: Temperature is very high: 81.0C
2024-08-02 03:03:07, 2024-08-02 03:03:08, 1.12, 18.0, 31.9, 12.3, N/A, N/A, 71.0, Мониторинг системы
2024-08-02 03:03:15  2024-08-02 03:03:16  1.12                      16.2       31.9       12.3       N/A        N/A             70.0            Мониторинг системы            
2024-08-02 03:03:38, 2024-08-02 03:03:39, 1.15, 68.2, 31.6, 12.3, N/A, N/A, 77.0, Мониторинг системы
2024-08-02 03:03:46  2024-08-02 03:03:47  1.15                      70.0       31.7       12.3       N/A        N/A             78.0            Warning: Temperature is very high: 78.0C
2024-08-02 03:04:09, 2024-08-02 03:04:10, 1.18, 71.9, 31.7, 12.3, N/A, N/A, 78.0, Мониторинг системы
2024-08-02 03:04:17  2024-08-02 03:04:19  1.22                      72.7       31.8       12.3       N/A        N/A             79.0            Warning: CPU usage is very high: 72.7% | Warning: Temperature is very high: 79.0C
2024-08-02 03:04:40, 2024-08-02 03:04:41, 1.27, 100.0, 32.5, 12.3, N/A, N/A, 85.0, Мониторинг системы
2024-08-02 03:04:49  2024-08-02 03:04:50  1.16                      73.6       32.0       12.3       N/A        N/A             80.0            Warning: CPU usage is very high: 73.6% | Warning: Temperature is very high: 80.0C
2024-08-02 03:05:11, 2024-08-02 03:05:13, 1.21, 72.9, 32.4, 12.3, N/A, N/A, 81.0, Мониторинг системы
2024-08-02 03:05:20  2024-08-02 03:05:21  1.19                      72.5       32.5       12.3       N/A        N/A             81.0            Warning: CPU usage is very high: 72.5% | Warning: Temperature is very high: 81.0C
2024-08-02 03:05:43, 2024-08-02 03:05:44, 1.22, 72.4, 32.9, 12.3, N/A, N/A, 80.0, Мониторинг системы
2024-08-02 03:05:51  2024-08-02 03:05:52  1.15                      98.5       32.7       12.3       N/A        N/A             85.0            Warning: CPU usage is very high: 98.5% | Warning: Temperature is very high: 85.0C
2024-08-02 03:06:14, 2024-08-02 03:06:15, 1.16, 72.5, 32.9, 12.3, N/A, N/A, 85.0, Мониторинг системы
2024-08-02 03:06:22  2024-08-02 03:06:23  1.18                      73.0       32.8       12.3       N/A        N/A             86.0            Warning: CPU usage is very high: 73.0% | Warning: Temperature is very high: 86.0C
2024-08-02 03:06:45, 2024-08-02 03:06:46, 1.24, 99.5, 32.7, 12.3, N/A, N/A, 90.0, Мониторинг системы
